<?xml version="1.0" encoding="UTF-8"?>
<testng-results ignored="0" total="1" passed="1" failed="0" skipped="0">
  <reporter-output>
  </reporter-output>
  <suite started-at="2022-06-15T23:25:24 IST" name="Default suite" finished-at="2022-06-15T23:25:33 IST" duration-ms="9115">
    <groups>
    </groups>
    <test started-at="2022-06-15T23:25:24 IST" name="Default test" finished-at="2022-06-15T23:25:33 IST" duration-ms="9115">
      <class name="com.testCases.CreateAccountTest">
        <test-method is-config="true" signature="beforeMethod()[pri:0, instance:com.testCases.CreateAccountTest@6d4e5011]" started-at="2022-06-15T23:25:24 IST" name="beforeMethod" finished-at="2022-06-15T23:25:29 IST" duration-ms="4827" status="PASS">
          <reporter-output>
          </reporter-output>
        </test-method> <!-- beforeMethod -->
        <test-method signature="validTest()[pri:0, instance:com.testCases.CreateAccountTest@6d4e5011]" started-at="2022-06-15T23:25:29 IST" name="validTest" finished-at="2022-06-15T23:25:33 IST" duration-ms="3970" status="PASS">
          <reporter-output>
          </reporter-output>
        </test-method> <!-- validTest -->
        <test-method is-config="true" signature="afterMethod()[pri:0, instance:com.testCases.CreateAccountTest@6d4e5011]" started-at="2022-06-15T23:25:33 IST" name="afterMethod" finished-at="2022-06-15T23:25:33 IST" duration-ms="287" status="PASS">
          <reporter-output>
          </reporter-output>
        </test-method> <!-- afterMethod -->
      </class> <!-- com.testCases.CreateAccountTest -->
    </test> <!-- Default test -->
  </suite> <!-- Default suite -->
</testng-results>
